
*** EraBitcoinMiner 2.3.0 forked from IwYeo's SoliditySHA3Miner - crnxhh and untouchable2k (2023) ***
*** Built with .NET 5.0 SDK, VC++ 19.28.29914, gcc 4.8.5, nVidia CUDA SDK 10.2 64-bit, and AMD APP SDK v3.0.130.135 (OpenCL)

Donation addresses:
ETH (or any ERC 20/918 tokens)	: 0x9172ff7884CEFED19327aDaCe9C470eF1796105c
BTC                             : 3GS5J5hcG6Qcu9xHWGmJaV5ftWLmZuR255
LTC                             : LbFkAto1qYt8RdTFHL871H4djendcHyCyB

[2023-09-07T21:26:21] [INFO] King making disabled.
[2023-09-07T21:26:21] [INFO] Solo mining mode.
[2023-09-07T21:26:21] CUDA [INFO] Device not specified, default assign all CUDA devices.
[2023-09-07T21:26:21] OpenCL [INFO] AMD APP device not specified, default assign all AMD APP devices.
[2023-09-07T21:26:22] OpenCL [WARN] Unable to get device count for AMD APP: CL_DEVICE_NOT_FOUND
[2023-09-07T21:26:22] [INFO] Contract address : 0xb3f7a1f441bf0B5Be50D800cF2ff1dEE91dB7c61
[2023-09-07T21:26:22] [INFO] Miner's address : 0x7C498CdC0f04528D3B6311d6290F4F3883B2c23F
[2023-09-07T21:26:22] [INFO] ABI specified, using "EraBTC.abi"
[2023-09-07T21:26:22] [INFO] Gas limit: 3704624
[2023-09-07T21:26:22] [INFO] Gas to mine: 0.25 GWei
[2023-09-07T21:26:22] [INFO] Checking maximum target from network...
[2023-09-07T21:26:23] CUDA [WARN] NvSMI library not found.
[2023-09-07T21:26:23] CUDA ID: 0 [INFO] Assigning device...
[2023-09-07T21:26:23] CUDA ID: 0 [INFO] Assigned device (NVIDIA GeForce GTX 1060 6GB)...
[2023-09-07T21:26:23] CUDA ID: 0 [INFO] Intensity: 25.5
[2023-09-07T21:26:23] CUDA ID: 0 [INFO] Initializing device...
[2023-09-07T21:26:23] CUDA ID: 0 [INFO] Compute capability: 6.1
[2023-09-07T21:26:23] [ERROR] JSON-API failed to bind to: http://127.0.0.1:4078
[2023-09-07T21:26:23] [ERROR] ccminer-API failed to bind to: 127.0.0.1:4068
[2023-09-07T21:26:23] [INFO] Checking latest parameters from network...
[2023-09-07T21:26:24] [INFO] New challenge detected 0x90592df9c8e64e92974c9dd218f96d0d71d155bbfab0c65a49d683640512f2ec...
[2023-09-07T21:26:24] [INFO] New target detected 0x0000000083126e978d4fdf3b645a1cac083126e978d4fdf3b645a1cac083126e...
[2023-09-07T21:26:24] [INFO] New difficulty detected (2000)...
[2023-09-07T21:26:24] CUDA ID: 0 [INFO] Start mining...
